<?xml version="1.0" encoding="UTF-8"?>
<testsuite name="eveHarrison_assignmentOne.ModuleAndCourseTest" tests="1" skipped="0" failures="0" errors="0" timestamp="2022-10-15T17:01:25" hostname="DESKTOP-CF17FUP" time="0.175">
  <properties/>
  <testcase name="End Date in Course Returns Correct Format" classname="eveHarrison_assignmentOne.ModuleAndCourseTest" time="0.175"/>
  <system-out><![CDATA[]]></system-out>
  <system-err><![CDATA[]]></system-err>
</testsuite>
