<?xml version="1.0" encoding="UTF-8"?>
<testsuite name="eveHarrison_assignmentOne.StudentAndLecturerTest" tests="1" skipped="0" failures="0" errors="0" timestamp="2022-10-17T16:18:45" hostname="DESKTOP-CF17FUP" time="0.127">
  <properties/>
  <testcase name="Add Module Function Adds to ArrayList" classname="eveHarrison_assignmentOne.StudentAndLecturerTest" time="0.127"/>
  <system-out><![CDATA[]]></system-out>
  <system-err><![CDATA[]]></system-err>
</testsuite>
